Determining if the pthread_create exist failed with the following output:
Change Dir: /home/jscherman/Desktop/taller2/cmake-build-debug/CMakeFiles/CMakeTmp

Run Build Command:"/usr/bin/make" "cmTC_608e2/fast"
/usr/bin/make -f CMakeFiles/cmTC_608e2.dir/build.make CMakeFiles/cmTC_608e2.dir/build
make[1]: Entering directory '/home/jscherman/Desktop/taller2/cmake-build-debug/CMakeFiles/CMakeTmp'
Building C object CMakeFiles/cmTC_608e2.dir/CheckSymbolExists.c.o
/usr/bin/cc     -o CMakeFiles/cmTC_608e2.dir/CheckSymbolExists.c.o   -c /home/jscherman/Desktop/taller2/cmake-build-debug/CMakeFiles/CMakeTmp/CheckSymbolExists.c
Linking C executable cmTC_608e2
/usr/local/clion-2017.1.1/bin/cmake/bin/cmake -E cmake_link_script CMakeFiles/cmTC_608e2.dir/link.txt --verbose=1
/usr/bin/cc       CMakeFiles/cmTC_608e2.dir/CheckSymbolExists.c.o  -o cmTC_608e2 
CMakeFiles/cmTC_608e2.dir/CheckSymbolExists.c.o: In function `main':
CheckSymbolExists.c:(.text+0x16): undefined reference to `pthread_create'
collect2: error: ld returned 1 exit status
CMakeFiles/cmTC_608e2.dir/build.make:97: recipe for target 'cmTC_608e2' failed
make[1]: *** [cmTC_608e2] Error 1
make[1]: Leaving directory '/home/jscherman/Desktop/taller2/cmake-build-debug/CMakeFiles/CMakeTmp'
Makefile:126: recipe for target 'cmTC_608e2/fast' failed
make: *** [cmTC_608e2/fast] Error 2

File /home/jscherman/Desktop/taller2/cmake-build-debug/CMakeFiles/CMakeTmp/CheckSymbolExists.c:
/* */
#include <pthread.h>

int main(int argc, char** argv)
{
  (void)argv;
#ifndef pthread_create
  return ((int*)(&pthread_create))[argc];
#else
  (void)argc;
  return 0;
#endif
}

Determining if the function pthread_create exists in the pthreads failed with the following output:
Change Dir: /home/jscherman/Desktop/taller2/cmake-build-debug/CMakeFiles/CMakeTmp

Run Build Command:"/usr/bin/make" "cmTC_83b4c/fast"
/usr/bin/make -f CMakeFiles/cmTC_83b4c.dir/build.make CMakeFiles/cmTC_83b4c.dir/build
make[1]: Entering directory '/home/jscherman/Desktop/taller2/cmake-build-debug/CMakeFiles/CMakeTmp'
Building C object CMakeFiles/cmTC_83b4c.dir/CheckFunctionExists.c.o
/usr/bin/cc    -DCHECK_FUNCTION_EXISTS=pthread_create   -o CMakeFiles/cmTC_83b4c.dir/CheckFunctionExists.c.o   -c /usr/local/clion-2017.1.1/bin/cmake/share/cmake-3.7/Modules/CheckFunctionExists.c
Linking C executable cmTC_83b4c
/usr/local/clion-2017.1.1/bin/cmake/bin/cmake -E cmake_link_script CMakeFiles/cmTC_83b4c.dir/link.txt --verbose=1
/usr/bin/cc   -DCHECK_FUNCTION_EXISTS=pthread_create    CMakeFiles/cmTC_83b4c.dir/CheckFunctionExists.c.o  -o cmTC_83b4c -lpthreads 
/usr/bin/ld: cannot find -lpthreads
collect2: error: ld returned 1 exit status
CMakeFiles/cmTC_83b4c.dir/build.make:97: recipe for target 'cmTC_83b4c' failed
make[1]: *** [cmTC_83b4c] Error 1
make[1]: Leaving directory '/home/jscherman/Desktop/taller2/cmake-build-debug/CMakeFiles/CMakeTmp'
Makefile:126: recipe for target 'cmTC_83b4c/fast' failed
make: *** [cmTC_83b4c/fast] Error 2


